Using pre-set license

 COMMAND LINE ARGUMENTS:
/Applications/Unity/Hub/Editor/2020.3.2f1/Unity.app/Contents/MacOS/Unity
-adb2
-batchMode
-noUpm
-name
AssetImportWorker0
-projectPath
/Users/rgsubscriber/Desktop/Unity/Create with Code/DobroDots
-logFile
Logs/AssetImportWorker0.log
-srvPort
55627
Successfully changed project path to: /Users/rgsubscriber/Desktop/Unity/Create with Code/DobroDots
/Users/rgsubscriber/Desktop/Unity/Create with Code/DobroDots
Using Asset Import Pipeline V2.
Refreshing native plugins compatible for Editor in 72.17 ms, found 2 plugins.
Preloading 0 native plugins for Editor in 0.00 ms.
Initialize engine version: 2020.3.2f1 (8fd9074bf66c)
[Subsystems] Discovering subsystems at path /Applications/Unity/Hub/Editor/2020.3.2f1/Unity.app/Contents/Resources/UnitySubsystems
[Subsystems] Discovering subsystems at path /Users/rgsubscriber/Desktop/Unity/Create with Code/DobroDots/Assets
GfxDevice: creating device client; threaded=0
Renderer: AMD Radeon HD 6770M OpenGL Engine
Vendor:   ATI Technologies Inc.
Version:  4.1 ATI-1.68.25
GLES:     0
 GL_ARB_blend_func_extended GL_ARB_draw_buffers_blend GL_ARB_draw_indirect GL_ARB_ES2_compatibility GL_ARB_explicit_attrib_location GL_ARB_gpu_shader5 GL_ARB_instanced_arrays GL_ARB_internalformat_query GL_ARB_occlusion_query2 GL_ARB_sample_shading GL_ARB_sampler_objects GL_ARB_separate_shader_objects GL_ARB_shader_bit_encoding GL_ARB_shader_subroutine GL_ARB_shading_language_include GL_ARB_tessellation_shader GL_ARB_texture_buffer_object_rgb32 GL_ARB_texture_cube_map_array GL_ARB_texture_gather GL_ARB_texture_query_lod GL_ARB_texture_rgb10_a2ui GL_ARB_texture_storage GL_ARB_texture_swizzle GL_ARB_timer_query GL_ARB_transform_feedback2 GL_ARB_transform_feedback3 GL_ARB_vertex_type_2_10_10_10_rev GL_ARB_viewport_array GL_EXT_debug_label GL_EXT_debug_marker GL_EXT_texture_compression_s3tc GL_EXT_texture_filter_anisotropic GL_EXT_texture_mirror_clamp GL_EXT_texture_sRGB_decode GL_APPLE_client_storage GL_APPLE_container_object_shareable GL_APPLE_flush_render GL_APPLE_object_purgeable GL_APPLE_rgb_422 GL_APPLE_ro
w_bytes GL_APPLE_texture_range GL_ATI_texture_mirror_once GL_NV_texture_barrier
OPENGL LOG: Creating OpenGL 4.1 graphics device ; Context level  <OpenGL 4.1> ; Context handle 1409632768
Initialize mono
Mono path[0] = '/Applications/Unity/Hub/Editor/2020.3.2f1/Unity.app/Contents/Managed'
Mono path[1] = '/Applications/Unity/Hub/Editor/2020.3.2f1/Unity.app/Contents/MonoBleedingEdge/lib/mono/unityjit'
Mono config path = '/Applications/Unity/Hub/Editor/2020.3.2f1/Unity.app/Contents/MonoBleedingEdge/etc'
Using monoOptions --debugger-agent=transport=dt_socket,embedding=1,server=y,suspend=n,address=127.0.0.1:56487
Begin MonoManager ReloadAssembly
Registering precompiled unity dll's ...
Register platform support module: /Applications/Unity/Hub/Editor/2020.3.2f1/PlaybackEngines/WebGLSupport/UnityEditor.WebGL.Extensions.dll
Register platform support module: /Applications/Unity/Hub/Editor/2020.3.2f1/Unity.app/Contents/PlaybackEngines/MacStandaloneSupport/UnityEditor.OSXStandalone.Extensions.dll
Registered in 0.000883 seconds.
Native extension for OSXStandalone target not found
Native extension for WebGL target not found
Refreshing native plugins compatible for Editor in 65.16 ms, found 2 plugins.
Preloading 0 native plugins for Editor in 0.00 ms.
Invoked RoslynAnalysisRunner static constructor.
RoslynAnalysisRunner will not be running.
RoslynAnalysisRunner has terminated.
Mono: successfully reloaded assembly
- Completed reload, in  3.433 seconds
Platform modules already initialized, skipping
Registering precompiled user dll's ...
Registered in 0.000690 seconds.
Begin MonoManager ReloadAssembly
Native extension for OSXStandalone target not found
Native extension for WebGL target not found
Refreshing native plugins compatible for Editor in 76.98 ms, found 2 plugins.
Preloading 0 native plugins for Editor in 0.00 ms.
Invoked RoslynAnalysisRunner static constructor.
RoslynAnalysisRunner will not be running.
RoslynAnalysisRunner has terminated.
Mono: successfully reloaded assembly
- Completed reload, in  1.715 seconds
Platform modules already initialized, skipping
========================================================================
Worker process is ready to serve import requests
Launching external process: /Applications/Unity/Hub/Editor/2020.3.2f1/Unity.app/Contents/Tools/UnityShaderCompiler
Launched and connected shader compiler UnityShaderCompiler after 0.03 seconds
Refreshing native plugins compatible for Editor in 0.59 ms, found 2 plugins.
Preloading 0 native plugins for Editor in 0.00 ms.
Unloading 1945 Unused Serialized files (Serialized files now loaded: 0)
System memory in use before: 147.9 MB.
System memory in use after: 147.9 MB.

Unloading 24 unused Assets to reduce memory usage. Loaded Objects now: 2392.
Total: 3.529531 ms (FindLiveObjects: 0.312302 ms CreateObjectMapping: 0.091306 ms MarkObjects: 2.846020 ms  DeleteObjects: 0.277733 ms)

========================================================================
Received Import Request.
  path: Assets/Scripts/MainMenu.cs
  artifactKey: Guid(14c0d6b0da78d4edaab88dca318d5acc) Importer(815301076,1909f56bfc062723c751e8b465ee728b)
Start importing Assets/Scripts/MainMenu.cs using Guid(14c0d6b0da78d4edaab88dca318d5acc) Importer(815301076,1909f56bfc062723c751e8b465ee728b)  -> (artifact id: 'f6f946555e93f9fa71624a98f9a7ed4a') in 0.137125 seconds
  Import took 0.141832 seconds .

========================================================================
Received Import Request.
  Time since last request: 156.173113 seconds.
  path: Assets/Scripts/HighscoreManager.cs
  artifactKey: Guid(90cd8ad82e7b5479187ec7514c18b588) Importer(815301076,1909f56bfc062723c751e8b465ee728b)
Start importing Assets/Scripts/HighscoreManager.cs using Guid(90cd8ad82e7b5479187ec7514c18b588) Importer(815301076,1909f56bfc062723c751e8b465ee728b)  -> (artifact id: 'd4e11247a3d2c094aee1398f9affa81f') in 0.004077 seconds
  Import took 0.008211 seconds .

========================================================================
Received Import Request.
  Time since last request: 3.519243 seconds.
  path: Assets/Scripts/ScoreCounter.cs
  artifactKey: Guid(b04628fd95c2f43bbb4235318da9ab66) Importer(815301076,1909f56bfc062723c751e8b465ee728b)
Start importing Assets/Scripts/ScoreCounter.cs using Guid(b04628fd95c2f43bbb4235318da9ab66) Importer(815301076,1909f56bfc062723c751e8b465ee728b)  -> (artifact id: '01b2829dbbc54a2cc5ae56783b5285ba') in 0.003194 seconds
  Import took 0.007204 seconds .

========================================================================
Received Import Request.
  Time since last request: 0.049430 seconds.
  path: Assets/Scripts/ScoreCounter.cs
  artifactKey: Guid(b04628fd95c2f43bbb4235318da9ab66) Importer(815301076,1909f56bfc062723c751e8b465ee728b)
Start importing Assets/Scripts/ScoreCounter.cs using Guid(b04628fd95c2f43bbb4235318da9ab66) Importer(815301076,1909f56bfc062723c751e8b465ee728b)  -> (artifact id: '01b2829dbbc54a2cc5ae56783b5285ba') in 0.002366 seconds
  Import took 0.006832 seconds .

========================================================================
Received Import Request.
  Time since last request: 83.355550 seconds.
  path: Assets/Scripts/HighscoreManager.cs
  artifactKey: Guid(90cd8ad82e7b5479187ec7514c18b588) Importer(815301076,1909f56bfc062723c751e8b465ee728b)
Start importing Assets/Scripts/HighscoreManager.cs using Guid(90cd8ad82e7b5479187ec7514c18b588) Importer(815301076,1909f56bfc062723c751e8b465ee728b)  -> (artifact id: '95297419c16e044fd886b37270d999e3') in 0.003368 seconds
  Import took 0.007746 seconds .

========================================================================
Received Prepare
Registering precompiled user dll's ...
Registered in 0.001375 seconds.
Begin MonoManager ReloadAssembly
Native extension for OSXStandalone target not found
Native extension for WebGL target not found
Refreshing native plugins compatible for Editor in 0.52 ms, found 2 plugins.
Preloading 0 native plugins for Editor in 0.00 ms.
Invoked RoslynAnalysisRunner static constructor.
RoslynAnalysisRunner will not be running.
RoslynAnalysisRunner has terminated.
Mono: successfully reloaded assembly
- Completed reload, in  1.906 seconds
Platform modules already initialized, skipping
Refreshing native plugins compatible for Editor in 0.50 ms, found 2 plugins.
Preloading 0 native plugins for Editor in 0.00 ms.
Unloading 1925 Unused Serialized files (Serialized files now loaded: 0)
System memory in use before: 150.7 MB.
System memory in use after: 150.7 MB.

Unloading 12 unused Assets to reduce memory usage. Loaded Objects now: 2397.
Total: 2.550502 ms (FindLiveObjects: 0.247140 ms CreateObjectMapping: 0.072301 ms MarkObjects: 2.092385 ms  DeleteObjects: 0.136982 ms)

========================================================================
Received Prepare
Registering precompiled user dll's ...
Registered in 0.001032 seconds.
Begin MonoManager ReloadAssembly
Native extension for OSXStandalone target not found
Native extension for WebGL target not found
Refreshing native plugins compatible for Editor in 0.48 ms, found 2 plugins.
Preloading 0 native plugins for Editor in 0.00 ms.
Invoked RoslynAnalysisRunner static constructor.
RoslynAnalysisRunner will not be running.
RoslynAnalysisRunner has terminated.
Mono: successfully reloaded assembly
- Completed reload, in  1.499 seconds
Platform modules already initialized, skipping
Refreshing native plugins compatible for Editor in 0.53 ms, found 2 plugins.
Preloading 0 native plugins for Editor in 0.00 ms.
Unloading 1925 Unused Serialized files (Serialized files now loaded: 0)
System memory in use before: 150.9 MB.
System memory in use after: 150.9 MB.

Unloading 12 unused Assets to reduce memory usage. Loaded Objects now: 2401.
Total: 2.829001 ms (FindLiveObjects: 0.246957 ms CreateObjectMapping: 0.080797 ms MarkObjects: 2.273763 ms  DeleteObjects: 0.225819 ms)

========================================================================
Received Import Request.
  Time since last request: 271.725226 seconds.
  path: Assets/Scripts/GameOverUI.cs
  artifactKey: Guid(238b38085c2ad47beb08605fefe2821a) Importer(815301076,1909f56bfc062723c751e8b465ee728b)
Start importing Assets/Scripts/GameOverUI.cs using Guid(238b38085c2ad47beb08605fefe2821a) Importer(815301076,1909f56bfc062723c751e8b465ee728b)  -> (artifact id: '42369578fed145b8b1f9e3d4a27624d2') in 0.008192 seconds
  Import took 0.012828 seconds .

========================================================================
Received Prepare
Registering precompiled user dll's ...
Registered in 0.000814 seconds.
Begin MonoManager ReloadAssembly
Native extension for OSXStandalone target not found
Native extension for WebGL target not found
Refreshing native plugins compatible for Editor in 0.50 ms, found 2 plugins.
Preloading 0 native plugins for Editor in 0.00 ms.
Invoked RoslynAnalysisRunner static constructor.
RoslynAnalysisRunner will not be running.
RoslynAnalysisRunner has terminated.
Mono: successfully reloaded assembly
- Completed reload, in  1.537 seconds
Platform modules already initialized, skipping
Refreshing native plugins compatible for Editor in 0.52 ms, found 2 plugins.
Preloading 0 native plugins for Editor in 0.00 ms.
Unloading 1926 Unused Serialized files (Serialized files now loaded: 0)
System memory in use before: 151.1 MB.
System memory in use after: 151.2 MB.

Unloading 12 unused Assets to reduce memory usage. Loaded Objects now: 2406.
Total: 3.156371 ms (FindLiveObjects: 0.275209 ms CreateObjectMapping: 0.121511 ms MarkObjects: 2.607038 ms  DeleteObjects: 0.150676 ms)

========================================================================
Received Import Request.
  Time since last request: 9.594675 seconds.
  path: Assets/Scripts/UI
  artifactKey: Guid(b6f0e5b9fcd0e4332be3c443cc73a415) Importer(815301076,1909f56bfc062723c751e8b465ee728b)
Start importing Assets/Scripts/UI using Guid(b6f0e5b9fcd0e4332be3c443cc73a415) Importer(815301076,1909f56bfc062723c751e8b465ee728b)  -> (artifact id: '23a9e430e72072b82cb58347d855d507') in 0.006377 seconds
  Import took 0.010283 seconds .

========================================================================
Received Import Request.
  Time since last request: 0.011297 seconds.
  path: Assets/Scripts/UI
  artifactKey: Guid(b6f0e5b9fcd0e4332be3c443cc73a415) Importer(815301076,1909f56bfc062723c751e8b465ee728b)
Start importing Assets/Scripts/UI using Guid(b6f0e5b9fcd0e4332be3c443cc73a415) Importer(815301076,1909f56bfc062723c751e8b465ee728b)  -> (artifact id: '23a9e430e72072b82cb58347d855d507') in 0.002056 seconds
  Import took 0.006320 seconds .

========================================================================
Received Import Request.
  Time since last request: 6.915093 seconds.
  path: Assets/Scripts/MainMenu.cs
  artifactKey: Guid(14c0d6b0da78d4edaab88dca318d5acc) Importer(815301076,1909f56bfc062723c751e8b465ee728b)
Start importing Assets/Scripts/MainMenu.cs using Guid(14c0d6b0da78d4edaab88dca318d5acc) Importer(815301076,1909f56bfc062723c751e8b465ee728b)  -> (artifact id: '1abf1a193fb0efcb1f67944019a68921') in 0.002146 seconds
  Import took 0.006107 seconds .

========================================================================
Received Import Request.
  Time since last request: 0.000632 seconds.
  path: Assets/Scripts/MainMenu.cs
  artifactKey: Guid(14c0d6b0da78d4edaab88dca318d5acc) Importer(815301076,1909f56bfc062723c751e8b465ee728b)
Start importing Assets/Scripts/MainMenu.cs using Guid(14c0d6b0da78d4edaab88dca318d5acc) Importer(815301076,1909f56bfc062723c751e8b465ee728b)  -> (artifact id: '1abf1a193fb0efcb1f67944019a68921') in 0.002070 seconds
  Import took 0.006271 seconds .

========================================================================
Received Prepare
Registering precompiled user dll's ...
Registered in 0.001021 seconds.
Begin MonoManager ReloadAssembly
Native extension for OSXStandalone target not found
Native extension for WebGL target not found
Refreshing native plugins compatible for Editor in 0.48 ms, found 2 plugins.
Preloading 0 native plugins for Editor in 0.00 ms.
Invoked RoslynAnalysisRunner static constructor.
RoslynAnalysisRunner will not be running.
RoslynAnalysisRunner has terminated.
Mono: successfully reloaded assembly
- Completed reload, in  1.438 seconds
Platform modules already initialized, skipping
Refreshing native plugins compatible for Editor in 0.46 ms, found 2 plugins.
Preloading 0 native plugins for Editor in 0.00 ms.
Unloading 1926 Unused Serialized files (Serialized files now loaded: 0)
System memory in use before: 151.3 MB.
System memory in use after: 151.4 MB.

Unloading 12 unused Assets to reduce memory usage. Loaded Objects now: 2410.
Total: 2.424769 ms (FindLiveObjects: 0.228289 ms CreateObjectMapping: 0.080569 ms MarkObjects: 1.951024 ms  DeleteObjects: 0.163305 ms)

========================================================================
Received Import Request.
  Time since last request: 11.734650 seconds.
  path: Assets/Scripts/Managers
  artifactKey: Guid(4eabe27600b024d039698b005edf130e) Importer(815301076,1909f56bfc062723c751e8b465ee728b)
Start importing Assets/Scripts/Managers using Guid(4eabe27600b024d039698b005edf130e) Importer(815301076,1909f56bfc062723c751e8b465ee728b)  -> (artifact id: 'cc22c98e0e5da39f1af243b092dd6a1b') in 0.006973 seconds
  Import took 0.011579 seconds .

========================================================================
Received Import Request.
  Time since last request: 0.011110 seconds.
  path: Assets/Scripts/Managers
  artifactKey: Guid(4eabe27600b024d039698b005edf130e) Importer(815301076,1909f56bfc062723c751e8b465ee728b)
Start importing Assets/Scripts/Managers using Guid(4eabe27600b024d039698b005edf130e) Importer(815301076,1909f56bfc062723c751e8b465ee728b)  -> (artifact id: 'cc22c98e0e5da39f1af243b092dd6a1b') in 0.002073 seconds
  Import took 0.006534 seconds .

========================================================================
Received Import Request.
  Time since last request: 2.039668 seconds.
  path: Assets/Scripts/GameManager.cs
  artifactKey: Guid(50cba5e9add75434e90cbc204bcdd772) Importer(815301076,1909f56bfc062723c751e8b465ee728b)
Start importing Assets/Scripts/GameManager.cs using Guid(50cba5e9add75434e90cbc204bcdd772) Importer(815301076,1909f56bfc062723c751e8b465ee728b)  -> (artifact id: '84729f80dbc615fcc6f665365eae04c3') in 0.003064 seconds
  Import took 0.006831 seconds .

========================================================================
Received Import Request.
  Time since last request: 0.000541 seconds.
  path: Assets/Scripts/GameManager.cs
  artifactKey: Guid(50cba5e9add75434e90cbc204bcdd772) Importer(815301076,1909f56bfc062723c751e8b465ee728b)
Start importing Assets/Scripts/GameManager.cs using Guid(50cba5e9add75434e90cbc204bcdd772) Importer(815301076,1909f56bfc062723c751e8b465ee728b)  -> (artifact id: '84729f80dbc615fcc6f665365eae04c3') in 0.002051 seconds
  Import took 0.005605 seconds .

========================================================================
Received Import Request.
  Time since last request: 7.116927 seconds.
  path: Assets/Scripts/SceneLoadingManager.cs
  artifactKey: Guid(dcac3d206ee08436591ed000417737f7) Importer(815301076,1909f56bfc062723c751e8b465ee728b)
Start importing Assets/Scripts/SceneLoadingManager.cs using Guid(dcac3d206ee08436591ed000417737f7) Importer(815301076,1909f56bfc062723c751e8b465ee728b)  -> (artifact id: 'b0deda86a6a26198bc64fb9baf32cf31') in 0.003027 seconds
  Import took 0.007241 seconds .

========================================================================
Received Prepare
Registering precompiled user dll's ...
Registered in 0.002254 seconds.
Begin MonoManager ReloadAssembly
Native extension for OSXStandalone target not found
Native extension for WebGL target not found
Refreshing native plugins compatible for Editor in 0.57 ms, found 2 plugins.
Preloading 0 native plugins for Editor in 0.00 ms.
Invoked RoslynAnalysisRunner static constructor.
RoslynAnalysisRunner will not be running.
RoslynAnalysisRunner has terminated.
Mono: successfully reloaded assembly
- Completed reload, in  1.452 seconds
Platform modules already initialized, skipping
Refreshing native plugins compatible for Editor in 0.53 ms, found 2 plugins.
Preloading 0 native plugins for Editor in 0.00 ms.
Unloading 1926 Unused Serialized files (Serialized files now loaded: 0)
System memory in use before: 151.6 MB.
System memory in use after: 151.6 MB.

Unloading 12 unused Assets to reduce memory usage. Loaded Objects now: 2414.
Total: 2.825793 ms (FindLiveObjects: 0.248163 ms CreateObjectMapping: 0.079724 ms MarkObjects: 2.351346 ms  DeleteObjects: 0.144801 ms)

========================================================================
Received Import Request.
  Time since last request: 78.340048 seconds.
  path: Assets/Scenes/Menu.unity
  artifactKey: Guid(db849bcc85c8b46389c63e49a8277a51) Importer(815301076,1909f56bfc062723c751e8b465ee728b)
Start importing Assets/Scenes/Menu.unity using Guid(db849bcc85c8b46389c63e49a8277a51) Importer(815301076,1909f56bfc062723c751e8b465ee728b)  -> (artifact id: 'd59fe04f9aa6dfe8b2bd42005a949f9a') in 0.015245 seconds
  Import took 0.019480 seconds .

========================================================================
Received Prepare
Registering precompiled user dll's ...
Registered in 0.002217 seconds.
Begin MonoManager ReloadAssembly
Native extension for OSXStandalone target not found
Native extension for WebGL target not found
Refreshing native plugins compatible for Editor in 0.58 ms, found 2 plugins.
Preloading 0 native plugins for Editor in 0.00 ms.
Invoked RoslynAnalysisRunner static constructor.
RoslynAnalysisRunner will not be running.
RoslynAnalysisRunner has terminated.
Mono: successfully reloaded assembly
- Completed reload, in  1.465 seconds
Platform modules already initialized, skipping
Refreshing native plugins compatible for Editor in 0.53 ms, found 2 plugins.
Preloading 0 native plugins for Editor in 0.00 ms.
Unloading 1926 Unused Serialized files (Serialized files now loaded: 0)
System memory in use before: 151.8 MB.
System memory in use after: 151.8 MB.

Unloading 12 unused Assets to reduce memory usage. Loaded Objects now: 2418.
Total: 2.557833 ms (FindLiveObjects: 0.276059 ms CreateObjectMapping: 0.093887 ms MarkObjects: 2.057726 ms  DeleteObjects: 0.128260 ms)

========================================================================
Received Prepare
Registering precompiled user dll's ...
Registered in 0.000909 seconds.
Begin MonoManager ReloadAssembly
Native extension for OSXStandalone target not found
Native extension for WebGL target not found
Refreshing native plugins compatible for Editor in 0.56 ms, found 2 plugins.
Preloading 0 native plugins for Editor in 0.00 ms.
Invoked RoslynAnalysisRunner static constructor.
RoslynAnalysisRunner will not be running.
RoslynAnalysisRunner has terminated.
Mono: successfully reloaded assembly
- Completed reload, in  1.643 seconds
Platform modules already initialized, skipping
Refreshing native plugins compatible for Editor in 0.52 ms, found 2 plugins.
Preloading 0 native plugins for Editor in 0.00 ms.
Unloading 1926 Unused Serialized files (Serialized files now loaded: 0)
System memory in use before: 151.9 MB.
System memory in use after: 151.9 MB.

Unloading 12 unused Assets to reduce memory usage. Loaded Objects now: 2422.
Total: 2.698006 ms (FindLiveObjects: 0.267942 ms CreateObjectMapping: 0.081695 ms MarkObjects: 2.184954 ms  DeleteObjects: 0.161553 ms)

========================================================================
Received Import Request.
  Time since last request: 395.054769 seconds.
  path: Assets/TextMesh Pro/Resources/Fonts & Materials/LiberationSans SDF - Drop Shadow.mat
  artifactKey: Guid(e73a58f6e2794ae7b1b7e50b7fb811b0) Importer(815301076,1909f56bfc062723c751e8b465ee728b)
Start importing Assets/TextMesh Pro/Resources/Fonts & Materials/LiberationSans SDF - Drop Shadow.mat using Guid(e73a58f6e2794ae7b1b7e50b7fb811b0) Importer(815301076,1909f56bfc062723c751e8b465ee728b)  -> (artifact id: 'd7c9a6e63d9fa0062e755b0df8e71c27') in 0.347758 seconds
  Import took 0.352930 seconds .

========================================================================
Received Import Request.
  Time since last request: 0.000369 seconds.
  path: Assets/TextMesh Pro/Resources/Fonts & Materials/LiberationSans SDF - Outline.mat
  artifactKey: Guid(79459efec17a4d00a321bdcc27bbc385) Importer(815301076,1909f56bfc062723c751e8b465ee728b)
Start importing Assets/TextMesh Pro/Resources/Fonts & Materials/LiberationSans SDF - Outline.mat using Guid(79459efec17a4d00a321bdcc27bbc385) Importer(815301076,1909f56bfc062723c751e8b465ee728b)  -> (artifact id: 'c269c21ac78df1e67178f1f5f025eb67') in 0.107509 seconds
  Import took 0.112277 seconds .

========================================================================
Received Import Request.
  Time since last request: 0.000302 seconds.
  path: Assets/TextMesh Pro/Resources/Fonts & Materials/LiberationSans SDF - Fallback.asset
  artifactKey: Guid(2e498d1c8094910479dc3e1b768306a4) Importer(815301076,1909f56bfc062723c751e8b465ee728b)
Start importing Assets/TextMesh Pro/Resources/Fonts & Materials/LiberationSans SDF - Fallback.asset using Guid(2e498d1c8094910479dc3e1b768306a4) Importer(815301076,1909f56bfc062723c751e8b465ee728b)  -> (artifact id: '6325ae9a70782a205d52cf1addc2954c') in 0.104663 seconds
  Import took 0.109825 seconds .

========================================================================
Received Import Request.
  Time since last request: 0.000336 seconds.
  path: Assets/TextMesh Pro/Resources/Fonts & Materials/LiberationSans SDF - Drop Shadow.mat
  artifactKey: Guid(e73a58f6e2794ae7b1b7e50b7fb811b0) Importer(815301076,1909f56bfc062723c751e8b465ee728b)
Start importing Assets/TextMesh Pro/Resources/Fonts & Materials/LiberationSans SDF - Drop Shadow.mat using Guid(e73a58f6e2794ae7b1b7e50b7fb811b0) Importer(815301076,1909f56bfc062723c751e8b465ee728b)  -> (artifact id: 'd7c9a6e63d9fa0062e755b0df8e71c27') in 0.026848 seconds
  Import took 0.031356 seconds .

========================================================================
Received Import Request.
  Time since last request: 0.000404 seconds.
  path: Assets/TextMesh Pro/Resources/Fonts & Materials/LiberationSans SDF.asset
  artifactKey: Guid(8f586378b4e144a9851e7b34d9b748ee) Importer(815301076,1909f56bfc062723c751e8b465ee728b)
Start importing Assets/TextMesh Pro/Resources/Fonts & Materials/LiberationSans SDF.asset using Guid(8f586378b4e144a9851e7b34d9b748ee) Importer(815301076,1909f56bfc062723c751e8b465ee728b)  -> (artifact id: '0993fc02711b3bbe6d995d41cc54c5cd') in 0.042090 seconds
  Import took 0.047096 seconds .

========================================================================
Received Prepare
Registering precompiled user dll's ...
Registered in 0.002185 seconds.
Begin MonoManager ReloadAssembly
Native extension for OSXStandalone target not found
Native extension for WebGL target not found
Refreshing native plugins compatible for Editor in 4.90 ms, found 2 plugins.
Preloading 0 native plugins for Editor in 0.00 ms.
Invoked RoslynAnalysisRunner static constructor.
RoslynAnalysisRunner will not be running.
RoslynAnalysisRunner has terminated.
Mono: successfully reloaded assembly
- Completed reload, in  1.988 seconds
Platform modules already initialized, skipping
Refreshing native plugins compatible for Editor in 0.49 ms, found 2 plugins.
Preloading 0 native plugins for Editor in 0.00 ms.
Unloading 1926 Unused Serialized files (Serialized files now loaded: 0)
System memory in use before: 164.1 MB.
System memory in use after: 164.1 MB.

Unloading 12 unused Assets to reduce memory usage. Loaded Objects now: 2469.
Total: 2.483209 ms (FindLiveObjects: 0.262159 ms CreateObjectMapping: 0.072451 ms MarkObjects: 2.017079 ms  DeleteObjects: 0.129781 ms)

========================================================================
Received Prepare
Registering precompiled user dll's ...
Registered in 0.000864 seconds.
Begin MonoManager ReloadAssembly
Native extension for OSXStandalone target not found
Native extension for WebGL target not found
Refreshing native plugins compatible for Editor in 0.47 ms, found 2 plugins.
Preloading 0 native plugins for Editor in 0.00 ms.
Invoked RoslynAnalysisRunner static constructor.
RoslynAnalysisRunner will not be running.
RoslynAnalysisRunner has terminated.
Mono: successfully reloaded assembly
- Completed reload, in  1.902 seconds
Platform modules already initialized, skipping
Refreshing native plugins compatible for Editor in 0.50 ms, found 2 plugins.
Preloading 0 native plugins for Editor in 0.00 ms.
Unloading 1926 Unused Serialized files (Serialized files now loaded: 0)
System memory in use before: 164.2 MB.
System memory in use after: 164.3 MB.

Unloading 12 unused Assets to reduce memory usage. Loaded Objects now: 2473.
Total: 2.614053 ms (FindLiveObjects: 0.265733 ms CreateObjectMapping: 0.081671 ms MarkObjects: 2.131665 ms  DeleteObjects: 0.133385 ms)

========================================================================
Received Prepare
Registering precompiled user dll's ...
Registered in 0.000889 seconds.
Begin MonoManager ReloadAssembly
Native extension for OSXStandalone target not found
Native extension for WebGL target not found
Refreshing native plugins compatible for Editor in 0.48 ms, found 2 plugins.
Preloading 0 native plugins for Editor in 0.00 ms.
Invoked RoslynAnalysisRunner static constructor.
RoslynAnalysisRunner will not be running.
RoslynAnalysisRunner has terminated.
Mono: successfully reloaded assembly
- Completed reload, in  1.526 seconds
Platform modules already initialized, skipping
Refreshing native plugins compatible for Editor in 0.57 ms, found 2 plugins.
Preloading 0 native plugins for Editor in 0.00 ms.
Unloading 1926 Unused Serialized files (Serialized files now loaded: 0)
System memory in use before: 164.4 MB.
System memory in use after: 164.5 MB.

Unloading 12 unused Assets to reduce memory usage. Loaded Objects now: 2477.
Total: 2.474716 ms (FindLiveObjects: 0.264059 ms CreateObjectMapping: 0.071398 ms MarkObjects: 2.003403 ms  DeleteObjects: 0.134067 ms)

========================================================================
Received Prepare
Registering precompiled user dll's ...
Registered in 0.000995 seconds.
Begin MonoManager ReloadAssembly
Native extension for OSXStandalone target not found
Native extension for WebGL target not found
Refreshing native plugins compatible for Editor in 0.46 ms, found 2 plugins.
Preloading 0 native plugins for Editor in 0.00 ms.
Invoked RoslynAnalysisRunner static constructor.
RoslynAnalysisRunner will not be running.
RoslynAnalysisRunner has terminated.
Mono: successfully reloaded assembly
- Completed reload, in  1.851 seconds
Platform modules already initialized, skipping
Refreshing native plugins compatible for Editor in 0.70 ms, found 2 plugins.
Preloading 0 native plugins for Editor in 0.00 ms.
Unloading 1926 Unused Serialized files (Serialized files now loaded: 0)
System memory in use before: 164.6 MB.
System memory in use after: 164.6 MB.

Unloading 12 unused Assets to reduce memory usage. Loaded Objects now: 2481.
Total: 2.603455 ms (FindLiveObjects: 0.280280 ms CreateObjectMapping: 0.081913 ms MarkObjects: 2.087436 ms  DeleteObjects: 0.151607 ms)

========================================================================
Received Prepare
Registering precompiled user dll's ...
Registered in 0.001165 seconds.
Begin MonoManager ReloadAssembly
Native extension for OSXStandalone target not found
Native extension for WebGL target not found
Refreshing native plugins compatible for Editor in 0.54 ms, found 2 plugins.
Preloading 0 native plugins for Editor in 0.00 ms.
Invoked RoslynAnalysisRunner static constructor.
RoslynAnalysisRunner will not be running.
RoslynAnalysisRunner has terminated.
Mono: successfully reloaded assembly
- Completed reload, in  1.687 seconds
Platform modules already initialized, skipping
Refreshing native plugins compatible for Editor in 0.46 ms, found 2 plugins.
Preloading 0 native plugins for Editor in 0.00 ms.
Unloading 1926 Unused Serialized files (Serialized files now loaded: 0)
System memory in use before: 164.8 MB.
System memory in use after: 164.9 MB.

Unloading 12 unused Assets to reduce memory usage. Loaded Objects now: 2485.
Total: 2.349642 ms (FindLiveObjects: 0.219353 ms CreateObjectMapping: 0.073034 ms MarkObjects: 1.929173 ms  DeleteObjects: 0.126712 ms)

========================================================================
Received Prepare
Registering precompiled user dll's ...
Registered in 0.001186 seconds.
Begin MonoManager ReloadAssembly
Native extension for OSXStandalone target not found
Native extension for WebGL target not found
Refreshing native plugins compatible for Editor in 0.61 ms, found 2 plugins.
Preloading 0 native plugins for Editor in 0.00 ms.
Invoked RoslynAnalysisRunner static constructor.
RoslynAnalysisRunner will not be running.
RoslynAnalysisRunner has terminated.
Mono: successfully reloaded assembly
- Completed reload, in  1.491 seconds
Platform modules already initialized, skipping
Refreshing native plugins compatible for Editor in 0.46 ms, found 2 plugins.
Preloading 0 native plugins for Editor in 0.00 ms.
Unloading 1926 Unused Serialized files (Serialized files now loaded: 0)
System memory in use before: 165.0 MB.
System memory in use after: 165.0 MB.

Unloading 12 unused Assets to reduce memory usage. Loaded Objects now: 2489.
Total: 2.596871 ms (FindLiveObjects: 0.232177 ms CreateObjectMapping: 0.080927 ms MarkObjects: 2.153230 ms  DeleteObjects: 0.129143 ms)

========================================================================
Received Import Request.
  Time since last request: 482.192734 seconds.
  path: Assets/Scenes/GameOver.unity
  artifactKey: Guid(1dc64faadf4bf4a1e9730bdbf4bc9da7) Importer(815301076,1909f56bfc062723c751e8b465ee728b)
Start importing Assets/Scenes/GameOver.unity using Guid(1dc64faadf4bf4a1e9730bdbf4bc9da7) Importer(815301076,1909f56bfc062723c751e8b465ee728b)  -> (artifact id: '0ee54fa2b2b0bfc53a2446e6cf1c65ea') in 0.016933 seconds
  Import took 0.020906 seconds .

========================================================================
Received Import Request.
  Time since last request: 0.001810 seconds.
  path: Assets/Scenes/GameOver.unity
  artifactKey: Guid(1dc64faadf4bf4a1e9730bdbf4bc9da7) Importer(815301076,1909f56bfc062723c751e8b465ee728b)
Start importing Assets/Scenes/GameOver.unity using Guid(1dc64faadf4bf4a1e9730bdbf4bc9da7) Importer(815301076,1909f56bfc062723c751e8b465ee728b)  -> (artifact id: '0ee54fa2b2b0bfc53a2446e6cf1c65ea') in 0.001549 seconds
  Import took 0.005606 seconds .

========================================================================
Received Prepare
Registering precompiled user dll's ...
Registered in 0.000870 seconds.
Begin MonoManager ReloadAssembly
Native extension for OSXStandalone target not found
Native extension for WebGL target not found
Refreshing native plugins compatible for Editor in 0.61 ms, found 2 plugins.
Preloading 0 native plugins for Editor in 0.00 ms.
Invoked RoslynAnalysisRunner static constructor.
RoslynAnalysisRunner will not be running.
RoslynAnalysisRunner has terminated.
Mono: successfully reloaded assembly
- Completed reload, in  1.877 seconds
Platform modules already initialized, skipping
Refreshing native plugins compatible for Editor in 0.49 ms, found 2 plugins.
Preloading 0 native plugins for Editor in 0.00 ms.
Unloading 1926 Unused Serialized files (Serialized files now loaded: 0)
System memory in use before: 165.2 MB.
System memory in use after: 165.2 MB.

Unloading 12 unused Assets to reduce memory usage. Loaded Objects now: 2493.
Total: 2.365446 ms (FindLiveObjects: 0.253014 ms CreateObjectMapping: 0.071654 ms MarkObjects: 1.907389 ms  DeleteObjects: 0.131359 ms)

========================================================================
Received Prepare
Registering precompiled user dll's ...
Registered in 0.000938 seconds.
Begin MonoManager ReloadAssembly
Native extension for OSXStandalone target not found
Native extension for WebGL target not found
Refreshing native plugins compatible for Editor in 0.53 ms, found 2 plugins.
Preloading 0 native plugins for Editor in 0.00 ms.
Invoked RoslynAnalysisRunner static constructor.
RoslynAnalysisRunner will not be running.
RoslynAnalysisRunner has terminated.
Mono: successfully reloaded assembly
- Completed reload, in  1.586 seconds
Platform modules already initialized, skipping
Refreshing native plugins compatible for Editor in 0.49 ms, found 2 plugins.
Preloading 0 native plugins for Editor in 0.00 ms.
Unloading 1926 Unused Serialized files (Serialized files now loaded: 0)
System memory in use before: 165.4 MB.
System memory in use after: 165.4 MB.

Unloading 12 unused Assets to reduce memory usage. Loaded Objects now: 2497.
Total: 2.537611 ms (FindLiveObjects: 0.262289 ms CreateObjectMapping: 0.079161 ms MarkObjects: 2.052291 ms  DeleteObjects: 0.142368 ms)

========================================================================
Received Prepare
Registering precompiled user dll's ...
Registered in 0.000804 seconds.
Begin MonoManager ReloadAssembly
Native extension for OSXStandalone target not found
Native extension for WebGL target not found
Refreshing native plugins compatible for Editor in 0.45 ms, found 2 plugins.
Preloading 0 native plugins for Editor in 0.00 ms.
Invoked RoslynAnalysisRunner static constructor.
RoslynAnalysisRunner will not be running.
RoslynAnalysisRunner has terminated.
Mono: successfully reloaded assembly
- Completed reload, in  1.302 seconds
Platform modules already initialized, skipping
Refreshing native plugins compatible for Editor in 0.93 ms, found 2 plugins.
Preloading 0 native plugins for Editor in 0.00 ms.
Unloading 1926 Unused Serialized files (Serialized files now loaded: 0)
System memory in use before: 165.6 MB.
System memory in use after: 165.6 MB.

Unloading 12 unused Assets to reduce memory usage. Loaded Objects now: 2501.
Total: 2.474032 ms (FindLiveObjects: 0.239283 ms CreateObjectMapping: 0.071153 ms MarkObjects: 2.018014 ms  DeleteObjects: 0.135948 ms)

========================================================================
Received Prepare
Registering precompiled user dll's ...
Registered in 0.000852 seconds.
Begin MonoManager ReloadAssembly
Native extension for OSXStandalone target not found
Native extension for WebGL target not found
Refreshing native plugins compatible for Editor in 0.49 ms, found 2 plugins.
Preloading 0 native plugins for Editor in 0.00 ms.
Invoked RoslynAnalysisRunner static constructor.
RoslynAnalysisRunner will not be running.
RoslynAnalysisRunner has terminated.
Mono: successfully reloaded assembly
- Completed reload, in  1.417 seconds
Platform modules already initialized, skipping
Refreshing native plugins compatible for Editor in 0.45 ms, found 2 plugins.
Preloading 0 native plugins for Editor in 0.00 ms.
Unloading 1926 Unused Serialized files (Serialized files now loaded: 0)
System memory in use before: 165.8 MB.
System memory in use after: 165.8 MB.

Unloading 12 unused Assets to reduce memory usage. Loaded Objects now: 2505.
Total: 2.416583 ms (FindLiveObjects: 0.286564 ms CreateObjectMapping: 0.079356 ms MarkObjects: 1.919666 ms  DeleteObjects: 0.129099 ms)

========================================================================
Received Import Request.
  Time since last request: 610.268864 seconds.
  path: Assets/Prefabs/Highscore Manager.prefab
  artifactKey: Guid(cdae4f95b69424c6c8699097b8beee3f) Importer(815301076,1909f56bfc062723c751e8b465ee728b)
Start importing Assets/Prefabs/Highscore Manager.prefab using Guid(cdae4f95b69424c6c8699097b8beee3f) Importer(815301076,1909f56bfc062723c751e8b465ee728b)  -> (artifact id: '69de1f6387de55e82ac3971bb0d288a4') in 0.065617 seconds
  Import took 0.069888 seconds .

========================================================================
Received Prepare
Registering precompiled user dll's ...
Registered in 0.000906 seconds.
Begin MonoManager ReloadAssembly
Native extension for OSXStandalone target not found
Native extension for WebGL target not found
Refreshing native plugins compatible for Editor in 0.48 ms, found 2 plugins.
Preloading 0 native plugins for Editor in 0.00 ms.
Invoked RoslynAnalysisRunner static constructor.
RoslynAnalysisRunner will not be running.
RoslynAnalysisRunner has terminated.
Mono: successfully reloaded assembly
- Completed reload, in  1.264 seconds
Platform modules already initialized, skipping
Refreshing native plugins compatible for Editor in 0.56 ms, found 2 plugins.
Preloading 0 native plugins for Editor in 0.00 ms.
Unloading 1926 Unused Serialized files (Serialized files now loaded: 0)
System memory in use before: 170.1 MB.
System memory in use after: 170.2 MB.

Unloading 12 unused Assets to reduce memory usage. Loaded Objects now: 2509.
Total: 2.607141 ms (FindLiveObjects: 0.258338 ms CreateObjectMapping: 0.080000 ms MarkObjects: 2.131427 ms  DeleteObjects: 0.135794 ms)

========================================================================
Received Import Request.
  Time since last request: 48.566309 seconds.
  path: Assets/Scenes/Game.unity
  artifactKey: Guid(2cda990e2423bbf4892e6590ba056729) Importer(815301076,1909f56bfc062723c751e8b465ee728b)
Start importing Assets/Scenes/Game.unity using Guid(2cda990e2423bbf4892e6590ba056729) Importer(815301076,1909f56bfc062723c751e8b465ee728b)  -> (artifact id: '70ec1e2456a16c8e0d71b2eb5c97a1b8') in 0.016726 seconds
  Import took 0.020978 seconds .

========================================================================
Received Import Request.
  Time since last request: 29.063588 seconds.
  path: Assets/Scenes/GameOver.unity
  artifactKey: Guid(1dc64faadf4bf4a1e9730bdbf4bc9da7) Importer(815301076,1909f56bfc062723c751e8b465ee728b)
Start importing Assets/Scenes/GameOver.unity using Guid(1dc64faadf4bf4a1e9730bdbf4bc9da7) Importer(815301076,1909f56bfc062723c751e8b465ee728b)  -> (artifact id: '69abd216b554986be41ac97fea92b6a3') in 0.002514 seconds
  Import took 0.007199 seconds .

========================================================================
Received Prepare
Registering precompiled user dll's ...
Registered in 0.001196 seconds.
Begin MonoManager ReloadAssembly
Native extension for OSXStandalone target not found
Native extension for WebGL target not found
Refreshing native plugins compatible for Editor in 0.56 ms, found 2 plugins.
Preloading 0 native plugins for Editor in 0.00 ms.
Invoked RoslynAnalysisRunner static constructor.
RoslynAnalysisRunner will not be running.
RoslynAnalysisRunner has terminated.
Mono: successfully reloaded assembly
- Completed reload, in  2.266 seconds
Platform modules already initialized, skipping
Refreshing native plugins compatible for Editor in 0.96 ms, found 2 plugins.
Preloading 0 native plugins for Editor in 0.00 ms.
Unloading 1926 Unused Serialized files (Serialized files now loaded: 0)
System memory in use before: 170.3 MB.
System memory in use after: 170.4 MB.

Unloading 12 unused Assets to reduce memory usage. Loaded Objects now: 2513.
Total: 5.502862 ms (FindLiveObjects: 0.509779 ms CreateObjectMapping: 0.152924 ms MarkObjects: 4.460172 ms  DeleteObjects: 0.360221 ms)

========================================================================
Received Prepare
Registering precompiled user dll's ...
Registered in 0.000749 seconds.
Begin MonoManager ReloadAssembly
Native extension for OSXStandalone target not found
Native extension for WebGL target not found
Refreshing native plugins compatible for Editor in 0.58 ms, found 2 plugins.
Preloading 0 native plugins for Editor in 0.00 ms.
Invoked RoslynAnalysisRunner static constructor.
RoslynAnalysisRunner will not be running.
RoslynAnalysisRunner has terminated.
Mono: successfully reloaded assembly
- Completed reload, in  1.799 seconds
Platform modules already initialized, skipping
Refreshing native plugins compatible for Editor in 0.54 ms, found 2 plugins.
Preloading 0 native plugins for Editor in 0.00 ms.
Unloading 1926 Unused Serialized files (Serialized files now loaded: 0)
System memory in use before: 170.5 MB.
System memory in use after: 170.5 MB.

Unloading 12 unused Assets to reduce memory usage. Loaded Objects now: 2517.
Total: 4.554320 ms (FindLiveObjects: 0.279876 ms CreateObjectMapping: 0.093203 ms MarkObjects: 4.006898 ms  DeleteObjects: 0.172020 ms)

========================================================================
Received Prepare
Registering precompiled user dll's ...
Registered in 0.000940 seconds.
Begin MonoManager ReloadAssembly
Native extension for OSXStandalone target not found
Native extension for WebGL target not found
Refreshing native plugins compatible for Editor in 0.46 ms, found 2 plugins.
Preloading 0 native plugins for Editor in 0.00 ms.
Invoked RoslynAnalysisRunner static constructor.
RoslynAnalysisRunner will not be running.
RoslynAnalysisRunner has terminated.
Mono: successfully reloaded assembly
- Completed reload, in  1.411 seconds
Platform modules already initialized, skipping
Refreshing native plugins compatible for Editor in 0.49 ms, found 2 plugins.
Preloading 0 native plugins for Editor in 0.00 ms.
Unloading 1926 Unused Serialized files (Serialized files now loaded: 0)
System memory in use before: 170.7 MB.
System memory in use after: 170.7 MB.

Unloading 12 unused Assets to reduce memory usage. Loaded Objects now: 2521.
Total: 2.425101 ms (FindLiveObjects: 0.288080 ms CreateObjectMapping: 0.071507 ms MarkObjects: 1.930333 ms  DeleteObjects: 0.133156 ms)

========================================================================
Received Prepare
Registering precompiled user dll's ...
Registered in 0.000849 seconds.
Begin MonoManager ReloadAssembly
Native extension for OSXStandalone target not found
Native extension for WebGL target not found
Refreshing native plugins compatible for Editor in 1.03 ms, found 2 plugins.
Preloading 0 native plugins for Editor in 0.00 ms.
Invoked RoslynAnalysisRunner static constructor.
RoslynAnalysisRunner will not be running.
RoslynAnalysisRunner has terminated.
Mono: successfully reloaded assembly
- Completed reload, in  1.467 seconds
Platform modules already initialized, skipping
Refreshing native plugins compatible for Editor in 0.52 ms, found 2 plugins.
Preloading 0 native plugins for Editor in 0.00 ms.
Unloading 1926 Unused Serialized files (Serialized files now loaded: 0)
System memory in use before: 170.9 MB.
System memory in use after: 170.9 MB.

Unloading 12 unused Assets to reduce memory usage. Loaded Objects now: 2525.
Total: 2.949823 ms (FindLiveObjects: 0.265933 ms CreateObjectMapping: 0.098987 ms MarkObjects: 2.416582 ms  DeleteObjects: 0.166648 ms)

========================================================================
Received Import Request.
  Time since last request: 150.874944 seconds.
  path: Assets/Scenes/Menu.unity
  artifactKey: Guid(db849bcc85c8b46389c63e49a8277a51) Importer(815301076,1909f56bfc062723c751e8b465ee728b)
Start importing Assets/Scenes/Menu.unity using Guid(db849bcc85c8b46389c63e49a8277a51) Importer(815301076,1909f56bfc062723c751e8b465ee728b)  -> (artifact id: '7bad4f2bfd804217621246a4c0d015b6') in 0.015609 seconds
  Import took 0.020255 seconds .

========================================================================
Received Import Request.
  Time since last request: 0.002303 seconds.
  path: Assets/Scenes/Menu.unity
  artifactKey: Guid(db849bcc85c8b46389c63e49a8277a51) Importer(815301076,1909f56bfc062723c751e8b465ee728b)
Start importing Assets/Scenes/Menu.unity using Guid(db849bcc85c8b46389c63e49a8277a51) Importer(815301076,1909f56bfc062723c751e8b465ee728b)  -> (artifact id: '7bad4f2bfd804217621246a4c0d015b6') in 0.001523 seconds
  Import took 0.005704 seconds .

========================================================================
Received Import Request.
  Time since last request: 100.398282 seconds.
  path: Assets/Scenes/Game.unity
  artifactKey: Guid(2cda990e2423bbf4892e6590ba056729) Importer(815301076,1909f56bfc062723c751e8b465ee728b)
Start importing Assets/Scenes/Game.unity using Guid(2cda990e2423bbf4892e6590ba056729) Importer(815301076,1909f56bfc062723c751e8b465ee728b)  -> (artifact id: '5f1a643b80cc1a3b113fc3a2a15a65d9') in 0.002487 seconds
  Import took 0.006135 seconds .

========================================================================
Received Import Request.
  Time since last request: 0.016124 seconds.
  path: Assets/Scenes/Game.unity
  artifactKey: Guid(2cda990e2423bbf4892e6590ba056729) Importer(815301076,1909f56bfc062723c751e8b465ee728b)
Start importing Assets/Scenes/Game.unity using Guid(2cda990e2423bbf4892e6590ba056729) Importer(815301076,1909f56bfc062723c751e8b465ee728b)  -> (artifact id: '5f1a643b80cc1a3b113fc3a2a15a65d9') in 0.001540 seconds
  Import took 0.005476 seconds .

========================================================================
Received Prepare
Registering precompiled user dll's ...
Registered in 0.000794 seconds.
Begin MonoManager ReloadAssembly
Native extension for OSXStandalone target not found
Native extension for WebGL target not found
Refreshing native plugins compatible for Editor in 0.48 ms, found 2 plugins.
Preloading 0 native plugins for Editor in 0.00 ms.
Invoked RoslynAnalysisRunner static constructor.
RoslynAnalysisRunner will not be running.
RoslynAnalysisRunner has terminated.
Mono: successfully reloaded assembly
- Completed reload, in  1.529 seconds
Platform modules already initialized, skipping
Refreshing native plugins compatible for Editor in 0.61 ms, found 2 plugins.
Preloading 0 native plugins for Editor in 0.00 ms.
Unloading 1926 Unused Serialized files (Serialized files now loaded: 0)
System memory in use before: 171.1 MB.
System memory in use after: 171.1 MB.

Unloading 12 unused Assets to reduce memory usage. Loaded Objects now: 2529.
Total: 3.027524 ms (FindLiveObjects: 0.311596 ms CreateObjectMapping: 0.098065 ms MarkObjects: 2.452857 ms  DeleteObjects: 0.162891 ms)

========================================================================
Received Prepare
Registering precompiled user dll's ...
Registered in 0.000788 seconds.
Begin MonoManager ReloadAssembly
Native extension for OSXStandalone target not found
Native extension for WebGL target not found
Refreshing native plugins compatible for Editor in 0.58 ms, found 2 plugins.
Preloading 0 native plugins for Editor in 0.00 ms.
Invoked RoslynAnalysisRunner static constructor.
RoslynAnalysisRunner will not be running.
RoslynAnalysisRunner has terminated.
Mono: successfully reloaded assembly
- Completed reload, in  1.562 seconds
Platform modules already initialized, skipping
Refreshing native plugins compatible for Editor in 0.52 ms, found 2 plugins.
Preloading 0 native plugins for Editor in 0.00 ms.
Unloading 1926 Unused Serialized files (Serialized files now loaded: 0)
System memory in use before: 171.3 MB.
System memory in use after: 171.3 MB.

Unloading 12 unused Assets to reduce memory usage. Loaded Objects now: 2533.
Total: 3.232693 ms (FindLiveObjects: 0.306356 ms CreateObjectMapping: 0.164683 ms MarkObjects: 2.599731 ms  DeleteObjects: 0.159813 ms)

